c:\c#projects\full sail class work\c++ projects\data structors & algorithoms\dsa_labs\dsa_labs\x64\debug\vc142.pdb
c:\c#projects\full sail class work\c++ projects\data structors & algorithoms\dsa_labs\dsa_labs\x64\debug\vc142.idb
c:\c#projects\full sail class work\c++ projects\data structors & algorithoms\dsa_labs\dsa_labs\x64\debug\dsa_testsuite_lab8.obj
c:\c#projects\full sail class work\c++ projects\data structors & algorithoms\dsa_labs\dsa_labs\x64\debug\dsa_testsuite_lab7.obj
c:\c#projects\full sail class work\c++ projects\data structors & algorithoms\dsa_labs\dsa_labs\x64\debug\dsa_testsuite_lab6.obj
c:\c#projects\full sail class work\c++ projects\data structors & algorithoms\dsa_labs\dsa_labs\x64\debug\dsa_testsuite_lab5.obj
c:\c#projects\full sail class work\c++ projects\data structors & algorithoms\dsa_labs\dsa_labs\x64\debug\dsa_testsuite_lab4.obj
c:\c#projects\full sail class work\c++ projects\data structors & algorithoms\dsa_labs\dsa_labs\x64\debug\dsa_testsuite_lab3.obj
c:\c#projects\full sail class work\c++ projects\data structors & algorithoms\dsa_labs\dsa_labs\x64\debug\dsa_testsuite_lab2.obj
c:\c#projects\full sail class work\c++ projects\data structors & algorithoms\dsa_labs\dsa_labs\x64\debug\dsa_testsuite_lab1.obj
c:\c#projects\full sail class work\c++ projects\data structors & algorithoms\dsa_labs\dsa_labs\x64\debug\dsa_testsuite_globalfunctions.obj
c:\c#projects\full sail class work\c++ projects\data structors & algorithoms\dsa_labs\dsa_labs\x64\debug\dsa_memory_management.obj
c:\c#projects\full sail class work\c++ projects\data structors & algorithoms\dsa_labs\dsa_labs\x64\debug\dsa_main.obj
c:\c#projects\full sail class work\c++ projects\data structors & algorithoms\dsa_labs\dsa_labs\x64\debug\console.obj
c:\c#projects\full sail class work\c++ projects\data structors & algorithoms\dsa_labs\dsa_labs\x64\debug\bitstream.obj
c:\c#projects\full sail class work\c++ projects\data structors & algorithoms\dsa_labs\x64\debug\dsa_labs.ilk
c:\c#projects\full sail class work\c++ projects\data structors & algorithoms\dsa_labs\x64\debug\dsa_labs.exe
c:\c#projects\full sail class work\c++ projects\data structors & algorithoms\dsa_labs\x64\debug\dsa_labs.pdb
c:\c#projects\full sail class work\c++ projects\data structors & algorithoms\dsa_labs\dsa_labs\x64\debug\dsa_labs.tlog\cl.command.1.tlog
c:\c#projects\full sail class work\c++ projects\data structors & algorithoms\dsa_labs\dsa_labs\x64\debug\dsa_labs.tlog\cl.read.1.tlog
c:\c#projects\full sail class work\c++ projects\data structors & algorithoms\dsa_labs\dsa_labs\x64\debug\dsa_labs.tlog\cl.write.1.tlog
c:\c#projects\full sail class work\c++ projects\data structors & algorithoms\dsa_labs\dsa_labs\x64\debug\dsa_labs.tlog\link.command.1.tlog
c:\c#projects\full sail class work\c++ projects\data structors & algorithoms\dsa_labs\dsa_labs\x64\debug\dsa_labs.tlog\link.read.1.tlog
c:\c#projects\full sail class work\c++ projects\data structors & algorithoms\dsa_labs\dsa_labs\x64\debug\dsa_labs.tlog\link.write.1.tlog
